<?xml version="1.0" encoding="UTF-8"?>
<!-- Generated by org.testng.reporters.JUnitReportReporter -->
<testsuite hostname="LAPTOP-E2PSIL5I" failures="0" tests="1" name="amazon.PlaceOrder.TestScripts.AddProductToCartTest" time="78.973" errors="0" timestamp="2023-02-18T00:46:41 IST" skipped="0">
  <testcase classname="amazon.PlaceOrder.TestScripts.AddProductToCartTest" name="addProductToCartTest" time="78.973"/>
  <system-out>
[Step]: Search for item: iphone 14 pro [Step]: Clicked on product titled:Apple iPhone 14 Pro 128GB Deep Purple [Step]: Clicked on 'Add to Cart' button [Step]: Clicked on 'Cart' button [Assertion Passed]: Add product to cart successful [Step]: Clicked on 'Delete' for first item in cart  </system-out>
</testsuite> <!-- amazon.PlaceOrder.TestScripts.AddProductToCartTest -->
