<?xml version="1.0" encoding="UTF-8"?>
<!-- Generated by org.testng.reporters.JUnitReportReporter -->
<testsuite hostname="LAPTOP-E2PSIL5I" failures="0" tests="1" name="amazon.SearchProducts.TestScripts.SeeAllResultsTest" time="18.419" errors="0" timestamp="2023-02-16T18:18:01 IST" skipped="0">
  <testcase classname="amazon.SearchProducts.TestScripts.SeeAllResultsTest" name="seeAllResultsTest" time="18.419"/>
  <system-out>
[Step]: Clicked on 'Computer and accessories' link [Step]: Clicked on 'See All Results' link [Assertion Passed]: 'See All Results' working correctly  </system-out>
</testsuite> <!-- amazon.SearchProducts.TestScripts.SeeAllResultsTest -->
