<?xml version="1.0" encoding="UTF-8"?>
<!-- Generated by org.testng.reporters.JUnitReportReporter -->
<testsuite hostname="LAPTOP-E2PSIL5I" failures="0" tests="1" name="amazon.HomePage.LoginToApplicationTest" time="0.023" errors="0" timestamp="2023-02-15T19:14:51 IST" skipped="0">
  <testcase classname="amazon.HomePage.LoginToApplicationTest" name="loginIntoAppTest" time="0.023"/>
  <system-out/>
</testsuite> <!-- amazon.HomePage.LoginToApplicationTest -->
