<?xml version="1.0" encoding="UTF-8"?>
<!-- Generated by org.testng.reporters.JUnitReportReporter -->
<testsuite hostname="LAPTOP-E2PSIL5I" failures="0" tests="1" name="amazon.UserAccountAndLists.TestScripts.SeleniumManager_Browser" time="127.419" errors="0" timestamp="2023-10-20T23:32:26 IST" skipped="0">
  <testcase classname="amazon.UserAccountAndLists.TestScripts.SeleniumManager_Browser" name="launchBrowser" time="127.419"/>
  <system-out/>
</testsuite> <!-- amazon.UserAccountAndLists.TestScripts.SeleniumManager_Browser -->
