<?xml version="1.0" encoding="UTF-8"?>
<!-- Generated by org.testng.reporters.JUnitReportReporter -->
<testsuite hostname="LAPTOP-E2PSIL5I" failures="0" tests="1" name="amazon.SearchProducts.TestScripts.SearchProductTest" time="28.553" errors="0" timestamp="2023-02-18T13:36:24 IST" skipped="0">
  <testcase classname="amazon.SearchProducts.TestScripts.SearchProductTest" name="searchProductTest" time="28.553"/>
  <system-out>
[Step]: Search for item: Women Winter Caps [Assertion Passed]: Search product test passed [Assertion Passed]: Search results displayed  </system-out>
</testsuite> <!-- amazon.SearchProducts.TestScripts.SearchProductTest -->
